  common.cpp
  A2_part1.cpp
c:\users\aaron\desktop\a2-5985171(aaronlimcongkai)\part1\a2_part1\a2_part1\a2_part1.cpp(52): warning C4244: 'argument': conversion from 'time_t' to 'unsigned int', possible loss of data
c:\users\aaron\desktop\a2-5985171(aaronlimcongkai)\part1\a2_part1\a2_part1\a2_part1.cpp(152): warning C4018: '<': signed/unsigned mismatch
  Generating Code...
common.obj : error LNK2019: unresolved external symbol clGetPlatformIDs referenced in function "public: static int __cdecl cl::Platform::get(class std::vector<class cl::Platform,class std::allocator<class cl::Platform> > *)" (?get@Platform@cl@@SAHPEAV?$vector@VPlatform@cl@@V?$allocator@VPlatform@cl@@@std@@@std@@@Z)
common.obj : error LNK2019: unresolved external symbol clGetPlatformInfo referenced in function "public: int __cdecl cl::Platform::getInfo(unsigned int,class std::basic_string<char,struct std::char_traits<char>,class std::allocator<char> > *)const " (?getInfo@Platform@cl@@QEBAHIPEAV?$basic_string@DU?$char_traits@D@std@@V?$allocator@D@2@@std@@@Z)
common.obj : error LNK2019: unresolved external symbol clGetDeviceIDs referenced in function "public: int __cdecl cl::Platform::getDevices(unsigned __int64,class std::vector<class cl::Device,class std::allocator<class cl::Device> > *)const " (?getDevices@Platform@cl@@QEBAH_KPEAV?$vector@VDevice@cl@@V?$allocator@VDevice@cl@@@std@@@std@@@Z)
common.obj : error LNK2019: unresolved external symbol clGetDeviceInfo referenced in function "public: int __cdecl cl::Device::getInfo<class std::basic_string<char,struct std::char_traits<char>,class std::allocator<char> > >(unsigned int,class std::basic_string<char,struct std::char_traits<char>,class std::allocator<char> > *)const " (??$getInfo@V?$basic_string@DU?$char_traits@D@std@@V?$allocator@D@2@@std@@@Device@cl@@QEBAHIPEAV?$basic_string@DU?$char_traits@D@std@@V?$allocator@D@2@@std@@@Z)
common.obj : error LNK2019: unresolved external symbol clRetainDevice referenced in function "public: static int __cdecl cl::detail::ReferenceHandler<struct _cl_device_id *>::retain(struct _cl_device_id *)" (?retain@?$ReferenceHandler@PEAU_cl_device_id@@@detail@cl@@SAHPEAU_cl_device_id@@@Z)
common.obj : error LNK2019: unresolved external symbol clReleaseDevice referenced in function "public: static int __cdecl cl::detail::ReferenceHandler<struct _cl_device_id *>::release(struct _cl_device_id *)" (?release@?$ReferenceHandler@PEAU_cl_device_id@@@detail@cl@@SAHPEAU_cl_device_id@@@Z)
A2_part1.obj : error LNK2001: unresolved external symbol clReleaseDevice
common.obj : error LNK2019: unresolved external symbol clReleaseContext referenced in function "public: static int __cdecl cl::detail::ReferenceHandler<struct _cl_context *>::release(struct _cl_context *)" (?release@?$ReferenceHandler@PEAU_cl_context@@@detail@cl@@SAHPEAU_cl_context@@@Z)
A2_part1.obj : error LNK2001: unresolved external symbol clReleaseContext
common.obj : error LNK2019: unresolved external symbol clGetContextInfo referenced in function "public: int __cdecl cl::Context::getInfo<class std::vector<class cl::Device,class std::allocator<class cl::Device> > >(unsigned int,class std::vector<class cl::Device,class std::allocator<class cl::Device> > *)const " (??$getInfo@V?$vector@VDevice@cl@@V?$allocator@VDevice@cl@@@std@@@std@@@Context@cl@@QEBAHIPEAV?$vector@VDevice@cl@@V?$allocator@VDevice@cl@@@std@@@std@@@Z)
common.obj : error LNK2019: unresolved external symbol clReleaseCommandQueue referenced in function "public: static int __cdecl cl::detail::ReferenceHandler<struct _cl_command_queue *>::release(struct _cl_command_queue *)" (?release@?$ReferenceHandler@PEAU_cl_command_queue@@@detail@cl@@SAHPEAU_cl_command_queue@@@Z)
A2_part1.obj : error LNK2001: unresolved external symbol clReleaseCommandQueue
common.obj : error LNK2019: unresolved external symbol clCreateProgramWithSource referenced in function "public: __cdecl cl::Program::Program(class cl::Context const &,class std::vector<struct std::pair<char const *,unsigned __int64>,class std::allocator<struct std::pair<char const *,unsigned __int64> > > const &,int *)" (??0Program@cl@@QEAA@AEBVContext@1@AEBV?$vector@U?$pair@PEBD_K@std@@V?$allocator@U?$pair@PEBD_K@std@@@2@@std@@PEAH@Z)
common.obj : error LNK2019: unresolved external symbol clRetainProgram referenced in function "public: static int __cdecl cl::detail::ReferenceHandler<struct _cl_program *>::retain(struct _cl_program *)" (?retain@?$ReferenceHandler@PEAU_cl_program@@@detail@cl@@SAHPEAU_cl_program@@@Z)
common.obj : error LNK2019: unresolved external symbol clReleaseProgram referenced in function "public: static int __cdecl cl::detail::ReferenceHandler<struct _cl_program *>::release(struct _cl_program *)" (?release@?$ReferenceHandler@PEAU_cl_program@@@detail@cl@@SAHPEAU_cl_program@@@Z)
A2_part1.obj : error LNK2001: unresolved external symbol clReleaseProgram
common.obj : error LNK2019: unresolved external symbol clBuildProgram referenced in function "public: int __cdecl cl::Program::build(class std::vector<class cl::Device,class std::allocator<class cl::Device> > const &,char const *,void (__cdecl*)(struct _cl_program *,void *),void *)const " (?build@Program@cl@@QEBAHAEBV?$vector@VDevice@cl@@V?$allocator@VDevice@cl@@@std@@@std@@PEBDP6AXPEAU_cl_program@@PEAX@Z3@Z)
common.obj : error LNK2019: unresolved external symbol clGetProgramBuildInfo referenced in function "public: int __cdecl cl::Program::getBuildInfo<int>(class cl::Device const &,unsigned int,int *)const " (??$getBuildInfo@H@Program@cl@@QEBAHAEBVDevice@1@IPEAH@Z)
A2_part1.obj : error LNK2019: unresolved external symbol clCreateContext referenced in function "public: __cdecl cl::Context::Context(class cl::Device const &,__int64 *,void (__cdecl*)(char const *,void const *,unsigned __int64,void *),void *,int *)" (??0Context@cl@@QEAA@AEBVDevice@1@PEA_JP6AXPEBDPEBX_KPEAX@Z5PEAH@Z)
A2_part1.obj : error LNK2019: unresolved external symbol clRetainContext referenced in function "public: static int __cdecl cl::detail::ReferenceHandler<struct _cl_context *>::retain(struct _cl_context *)" (?retain@?$ReferenceHandler@PEAU_cl_context@@@detail@cl@@SAHPEAU_cl_context@@@Z)
A2_part1.obj : error LNK2019: unresolved external symbol clRetainCommandQueue referenced in function "public: static int __cdecl cl::detail::ReferenceHandler<struct _cl_command_queue *>::retain(struct _cl_command_queue *)" (?retain@?$ReferenceHandler@PEAU_cl_command_queue@@@detail@cl@@SAHPEAU_cl_command_queue@@@Z)
A2_part1.obj : error LNK2019: unresolved external symbol clCreateBuffer referenced in function "public: __cdecl cl::Buffer::Buffer(class cl::Context const &,unsigned __int64,unsigned __int64,void *,int *)" (??0Buffer@cl@@QEAA@AEBVContext@1@_K1PEAXPEAH@Z)
A2_part1.obj : error LNK2019: unresolved external symbol clRetainMemObject referenced in function "public: static int __cdecl cl::detail::ReferenceHandler<struct _cl_mem *>::retain(struct _cl_mem *)" (?retain@?$ReferenceHandler@PEAU_cl_mem@@@detail@cl@@SAHPEAU_cl_mem@@@Z)
A2_part1.obj : error LNK2019: unresolved external symbol clReleaseMemObject referenced in function "public: static int __cdecl cl::detail::ReferenceHandler<struct _cl_mem *>::release(struct _cl_mem *)" (?release@?$ReferenceHandler@PEAU_cl_mem@@@detail@cl@@SAHPEAU_cl_mem@@@Z)
A2_part1.obj : error LNK2019: unresolved external symbol clCreateKernel referenced in function "public: __cdecl cl::Kernel::Kernel(class cl::Program const &,char const *,int *)" (??0Kernel@cl@@QEAA@AEBVProgram@1@PEBDPEAH@Z)
A2_part1.obj : error LNK2019: unresolved external symbol clRetainKernel referenced in function "public: static int __cdecl cl::detail::ReferenceHandler<struct _cl_kernel *>::retain(struct _cl_kernel *)" (?retain@?$ReferenceHandler@PEAU_cl_kernel@@@detail@cl@@SAHPEAU_cl_kernel@@@Z)
A2_part1.obj : error LNK2019: unresolved external symbol clReleaseKernel referenced in function "public: static int __cdecl cl::detail::ReferenceHandler<struct _cl_kernel *>::release(struct _cl_kernel *)" (?release@?$ReferenceHandler@PEAU_cl_kernel@@@detail@cl@@SAHPEAU_cl_kernel@@@Z)
A2_part1.obj : error LNK2019: unresolved external symbol clSetKernelArg referenced in function "public: int __cdecl cl::Kernel::setArg<class cl::Buffer>(unsigned int,class cl::Buffer)" (??$setArg@VBuffer@cl@@@Kernel@cl@@QEAAHIVBuffer@1@@Z)
A2_part1.obj : error LNK2019: unresolved external symbol clReleaseEvent referenced in function "public: static int __cdecl cl::detail::ReferenceHandler<struct _cl_event *>::release(struct _cl_event *)" (?release@?$ReferenceHandler@PEAU_cl_event@@@detail@cl@@SAHPEAU_cl_event@@@Z)
A2_part1.obj : error LNK2019: unresolved external symbol clEnqueueReadBuffer referenced in function "public: int __cdecl cl::CommandQueue::enqueueReadBuffer(class cl::Buffer const &,unsigned int,unsigned __int64,unsigned __int64,void *,class std::vector<class cl::Event,class std::allocator<class cl::Event> > const *,class cl::Event *)const " (?enqueueReadBuffer@CommandQueue@cl@@QEBAHAEBVBuffer@2@I_K1PEAXPEBV?$vector@VEvent@cl@@V?$allocator@VEvent@cl@@@std@@@std@@PEAVEvent@2@@Z)
A2_part1.obj : error LNK2019: unresolved external symbol clEnqueueWriteBuffer referenced in function "public: int __cdecl cl::CommandQueue::enqueueWriteBuffer(class cl::Buffer const &,unsigned int,unsigned __int64,unsigned __int64,void const *,class std::vector<class cl::Event,class std::allocator<class cl::Event> > const *,class cl::Event *)const " (?enqueueWriteBuffer@CommandQueue@cl@@QEBAHAEBVBuffer@2@I_K1PEBXPEBV?$vector@VEvent@cl@@V?$allocator@VEvent@cl@@@std@@@std@@PEAVEvent@2@@Z)
A2_part1.obj : error LNK2019: unresolved external symbol clCreateCommandQueue referenced in function "public: __cdecl cl::CommandQueue::CommandQueue(class cl::Context const &,class cl::Device const &,unsigned __int64,int *)" (??0CommandQueue@cl@@QEAA@AEBVContext@1@AEBVDevice@1@_KPEAH@Z)
A2_part1.obj : error LNK2019: unresolved external symbol clEnqueueTask referenced in function "public: int __cdecl cl::CommandQueue::enqueueTask(class cl::Kernel const &,class std::vector<class cl::Event,class std::allocator<class cl::Event> > const *,class cl::Event *)const " (?enqueueTask@CommandQueue@cl@@QEBAHAEBVKernel@2@PEBV?$vector@VEvent@cl@@V?$allocator@VEvent@cl@@@std@@@std@@PEAVEvent@2@@Z)
C:\Program Files (x86)\AMD APP SDK\3.0\lib\x86\OpenCL.lib : warning LNK4272: library machine type 'x86' conflicts with target machine type 'x64'
C:\Users\aaron\Desktop\A2-5985171(AaronLimCongKai)\part1\A2_part1\x64\Debug\A2_part1.exe : fatal error LNK1120: 29 unresolved externals
